<?xml version="1.0" encoding="UTF-8"?>
<!-- Generated by org.testng.reporters.JUnitReportReporter -->
<testsuite hostname="DESKTOP-26B5BFK" failures="0" tests="3" name="latihantest.restassured.SampleRestAssured" time="1.484" errors="0" timestamp="2022-09-12T12:00:52 ICT" skipped="0">
  <testcase classname="latihantest.restassured.SampleRestAssured" name="testPost" time="0.052"/>
  <system-out/>
  <testcase classname="latihantest.restassured.SampleRestAssured" name="testPost" time="1.039"/>
  <system-out/>
  <testcase classname="latihantest.restassured.SampleRestAssured" name="testPost" time="0.393"/>
  <system-out/>
</testsuite> <!-- latihantest.restassured.SampleRestAssured -->
