<?xml version="1.0" encoding="UTF-8"?>
<!-- Generated by org.testng.reporters.JUnitReportReporter -->
<testsuite hostname="RushTen" failures="0" tests="1" name="ujian.ujiankelima.selenium.TestHomePage" time="4.551" errors="0" timestamp="2022-09-24T18:03:25 ICT" skipped="0">
  <testcase classname="ujian.ujiankelima.selenium.TestHomePage" name="testValidClickProduct" time="4.551"/>
  <system-out/>
</testsuite> <!-- ujian.ujiankelima.selenium.TestHomePage -->
