<?xml version="1.0" encoding="UTF-8"?>
<!-- Generated by org.testng.reporters.JUnitReportReporter -->
<testsuite hostname="DESKTOP-26B5BFK" failures="0" tests="1" name="ujian.ujiankelima.selenium.TestHomePage" time="7.174" errors="0" timestamp="2022-09-24T22:40:02 ICT" skipped="0">
  <testcase classname="ujian.ujiankelima.selenium.TestHomePage" name="testValidClickProduct" time="7.174"/>
  <system-out/>
</testsuite> <!-- ujian.ujiankelima.selenium.TestHomePage -->
