<?xml version="1.0" encoding="UTF-8"?>
<!-- Generated by org.testng.reporters.JUnitReportReporter -->
<testsuite hostname="RushTen" failures="0" tests="15" name="ujian.ujiankeempat.openweather.ByCityId" time="4.553" errors="0" timestamp="2022-09-17T23:10:35 ICT" skipped="0">
  <testcase classname="ujian.ujiankeempat.openweather.ByCityId" name="testGetWeatherByCityId" time="0.238"/>
  <system-out/>
  <testcase classname="ujian.ujiankeempat.openweather.ByCityId" name="testGetWeatherByCityId" time="0.264"/>
  <system-out/>
  <testcase classname="ujian.ujiankeempat.openweather.ByCityId" name="testGetWeatherByCityId" time="0.252"/>
  <system-out/>
  <testcase classname="ujian.ujiankeempat.openweather.ByCityId" name="testGetWeatherByCityId" time="0.309"/>
  <system-out/>
  <testcase classname="ujian.ujiankeempat.openweather.ByCityId" name="testGetWeatherByCityId" time="0.245"/>
  <system-out/>
  <testcase classname="ujian.ujiankeempat.openweather.ByCityId" name="testGetWeatherByCityId" time="0.945"/>
  <system-out/>
  <testcase classname="ujian.ujiankeempat.openweather.ByCityId" name="testGetWeatherByCityId" time="0.235"/>
  <system-out/>
  <testcase classname="ujian.ujiankeempat.openweather.ByCityId" name="testGetWeatherByCityId" time="0.279"/>
  <system-out/>
  <testcase classname="ujian.ujiankeempat.openweather.ByCityId" name="testGetWeatherByCityId" time="0.229"/>
  <system-out/>
  <testcase classname="ujian.ujiankeempat.openweather.ByCityId" name="testGetWeatherByCityId" time="0.263"/>
  <system-out/>
  <testcase classname="ujian.ujiankeempat.openweather.ByCityId" name="testGetWeatherByCityId" time="0.212"/>
  <system-out/>
  <testcase classname="ujian.ujiankeempat.openweather.ByCityId" name="testGetWeatherByCityId" time="0.263"/>
  <system-out/>
  <testcase classname="ujian.ujiankeempat.openweather.ByCityId" name="testGetWeatherByCityId" time="0.359"/>
  <system-out/>
  <testcase classname="ujian.ujiankeempat.openweather.ByCityId" name="testGetWeatherByCityId" time="0.212"/>
  <system-out/>
  <testcase classname="ujian.ujiankeempat.openweather.ByCityId" name="testGetWeatherByCityId" time="0.248"/>
  <system-out/>
</testsuite> <!-- ujian.ujiankeempat.openweather.ByCityId -->
