<?xml version="1.0" encoding="UTF-8"?>
<!-- Generated by org.testng.reporters.JUnitReportReporter -->
<testsuite hostname="RushTen" failures="0" tests="2" name="ujian.ujiankelima.cucumber.loginpage.OutlineRunner" time="32.516" errors="0" timestamp="2022-09-24T18:06:10 ICT" skipped="0">
  <testcase classname="ujian.ujiankelima.cucumber.loginpage.OutlineRunner" name="runScenario" time="18.058"/>
  <system-out/>
  <testcase classname="ujian.ujiankelima.cucumber.loginpage.OutlineRunner" name="runScenario" time="14.458"/>
  <system-out/>
</testsuite> <!-- ujian.ujiankelima.cucumber.loginpage.OutlineRunner -->
