<?xml version="1.0" encoding="UTF-8"?>
<!-- Generated by org.testng.reporters.JUnitReportReporter -->
<testsuite hostname="DESKTOP-26B5BFK" failures="0" tests="1" name="ujian.ujiankelima.selenium.TestCartPage" time="7.613" errors="0" timestamp="2022-09-24T22:40:32 ICT" skipped="0">
  <testcase classname="ujian.ujiankelima.selenium.TestCartPage" name="testValidBackShop" time="7.613"/>
  <system-out/>
</testsuite> <!-- ujian.ujiankelima.selenium.TestCartPage -->
