<?xml version="1.0" encoding="UTF-8"?>
<!-- Generated by org.testng.reporters.JUnitReportReporter -->
<testsuite hostname="RushTen" failures="0" tests="3" name="ujiantest.kedua.GeometriTest" time="0.012" errors="0" timestamp="2022-09-05T18:07:11 ICT" skipped="0">
  <testcase classname="ujiantest.kedua.GeometriTest" name="testLuasPersegi" time="0.009"/>
  <system-out/>
  <testcase classname="ujiantest.kedua.GeometriTest" name="testLuasSegitiga" time="0.002"/>
  <system-out/>
  <testcase classname="ujiantest.kedua.GeometriTest" name="testLuasTrapesium" time="0.001"/>
  <system-out/>
</testsuite> <!-- ujiantest.kedua.GeometriTest -->
