<?xml version="1.0" encoding="UTF-8"?>
<!-- Generated by org.testng.reporters.JUnitReportReporter -->
<testsuite hostname="DESKTOP-26B5BFK" failures="0" tests="2" name="latihantest.training.TestSortAlgoDynamic" time="0.014" errors="0" timestamp="2022-09-05T19:28:19 ICT" skipped="0">
  <testcase classname="latihantest.training.TestSortAlgoDynamic" name="testPertama" time="0.001"/>
  <system-out/>
  <testcase classname="latihantest.training.TestSortAlgoDynamic" name="testKedua" time="0.013"/>
  <system-out/>
</testsuite> <!-- latihantest.training.TestSortAlgoDynamic -->
