<?xml version="1.0" encoding="UTF-8"?>
<!-- Generated by org.testng.reporters.JUnitReportReporter -->
<testsuite hostname="DESKTOP-26B5BFK" failures="0" tests="2" name="latihantest.testing.ComputerSpecTest1" time="0.015" errors="0" timestamp="2022-09-05T19:54:32 ICT" skipped="0">
  <testcase classname="latihantest.testing.ComputerSpecTest1" name="StorageTest" time="0.002"/>
  <system-out/>
  <testcase classname="latihantest.testing.ComputerSpecTest1" name="RAMTest" time="0.013"/>
  <system-out/>
</testsuite> <!-- latihantest.testing.ComputerSpecTest1 -->
