<?xml version="1.0" encoding="UTF-8"?>
<!-- Generated by org.testng.reporters.JUnitReportReporter -->
<testsuite hostname="DESKTOP-26B5BFK" failures="0" tests="1" name="ujian.ujiankelima.selenium.TestArticlePage" time="16.516" errors="0" timestamp="2022-09-24T22:38:17 ICT" skipped="0">
  <testcase classname="ujian.ujiankelima.selenium.TestArticlePage" name="testInvalidEmail" time="16.516"/>
  <system-out/>
</testsuite> <!-- ujian.ujiankelima.selenium.TestArticlePage -->
