<?xml version="1.0" encoding="UTF-8"?>
<!-- Generated by org.testng.reporters.JUnitReportReporter -->
<testsuite hostname="DESKTOP-26B5BFK" failures="0" tests="1" name="latihantest.testing.NetworkTest" time="0.005" errors="0" timestamp="2022-09-05T19:54:32 ICT" skipped="0">
  <testcase classname="latihantest.testing.NetworkTest" name="browserTest" time="0.005"/>
  <system-out/>
</testsuite> <!-- latihantest.testing.NetworkTest -->
