<?xml version="1.0" encoding="UTF-8"?>
<!-- Generated by org.testng.reporters.JUnitReportReporter -->
<testsuite hostname="DESKTOP-26B5BFK" failures="0" tests="3" name="ujiantest.kedua.GeometriTest" time="0.006" errors="0" timestamp="2022-09-06T12:40:29 ICT" skipped="0">
  <testcase classname="ujiantest.kedua.GeometriTest" name="testLuasPersegi" time="0.001"/>
  <system-out/>
  <testcase classname="ujiantest.kedua.GeometriTest" name="testLuasSegitiga" time="0.002"/>
  <system-out/>
  <testcase classname="ujiantest.kedua.GeometriTest" name="testLuasTrapesium" time="0.003"/>
  <system-out/>
</testsuite> <!-- ujiantest.kedua.GeometriTest -->
