<?xml version="1.0" encoding="UTF-8"?>
<!-- Generated by org.testng.reporters.JUnitReportReporter -->
<testsuite hostname="RushTen" failures="0" tests="1" name="ujian.ujiankedua.MatematikaTest" time="0.006" errors="0" timestamp="2022-09-17T14:37:49 ICT" skipped="0">
  <testcase classname="ujian.ujiankedua.MatematikaTest" name="testDevide" time="0.006"/>
  <system-out/>
</testsuite> <!-- ujian.ujiankedua.MatematikaTest -->
