<?xml version="1.0" encoding="UTF-8"?>
<!-- Generated by org.testng.reporters.JUnitReportReporter -->
<testsuite hostname="DESKTOP-26B5BFK" failures="0" tests="4" name="ujiantest.kedua.MatematikaTest" time="0.015" errors="0" timestamp="2022-09-06T12:40:29 ICT" skipped="0">
  <testcase classname="ujiantest.kedua.MatematikaTest" name="testSum" time="0.009"/>
  <system-out/>
  <testcase classname="ujiantest.kedua.MatematikaTest" name="testSubtract" time="0.002"/>
  <system-out/>
  <testcase classname="ujiantest.kedua.MatematikaTest" name="testDevide" time="0.003"/>
  <system-out/>
  <testcase classname="ujiantest.kedua.MatematikaTest" name="testMod" time="0.001"/>
  <system-out/>
</testsuite> <!-- ujiantest.kedua.MatematikaTest -->
