<?xml version="1.0" encoding="UTF-8"?>
<!-- Generated by org.testng.reporters.JUnitReportReporter -->
<testsuite hostname="DESKTOP-26B5BFK" failures="0" tests="1" name="tugas.selenium.demoqa.PracticeFormPageTest" time="28.278" errors="0" timestamp="2022-09-16T23:04:50 ICT" skipped="0">
  <testcase classname="tugas.selenium.demoqa.PracticeFormPageTest" name="testValidSubmitForm" time="28.278"/>
  <system-out/>
</testsuite> <!-- tugas.selenium.demoqa.PracticeFormPageTest -->
