<?xml version="1.0" encoding="UTF-8"?>
<!-- Generated by org.testng.reporters.JUnitReportReporter -->
<testsuite hostname="DESKTOP-26B5BFK" failures="0" tests="3" name="ujiantest.kedua.GeometriTest" time="0.013" errors="0" timestamp="2022-09-06T13:39:47 ICT" skipped="0">
  <testcase classname="ujiantest.kedua.GeometriTest" name="testLuasPersegi" time="0.004"/>
  <system-out/>
  <testcase classname="ujiantest.kedua.GeometriTest" name="testLuasSegitiga" time="0.005"/>
  <system-out/>
  <testcase classname="ujiantest.kedua.GeometriTest" name="testLuasTrapesium" time="0.004"/>
  <system-out/>
</testsuite> <!-- ujiantest.kedua.GeometriTest -->
