<?xml version="1.0" encoding="UTF-8"?>
<!-- Generated by org.testng.reporters.JUnitReportReporter -->
<testsuite hostname="DESKTOP-26B5BFK" failures="0" tests="2" name="latihantest.cucumber.nopcom.basic.LoginRunner" time="8.939" errors="0" timestamp="2022-09-20T17:40:46 ICT" skipped="0">
  <testcase classname="latihantest.cucumber.nopcom.basic.LoginRunner" name="runScenario" time="3.743"/>
  <system-out/>
  <testcase classname="latihantest.cucumber.nopcom.basic.LoginRunner" name="runScenario" time="5.196"/>
  <system-out/>
</testsuite> <!-- latihantest.cucumber.nopcom.basic.LoginRunner -->
