<?xml version="1.0" encoding="UTF-8"?>
<!-- Generated by org.testng.reporters.JUnitReportReporter -->
<testsuite hostname="DESKTOP-26B5BFK" failures="0" tests="1" name="latihantest.selenium.pageobject.orangehrm.TestLogin" time="18.129" errors="0" timestamp="2022-09-16T15:27:21 ICT" skipped="0">
  <testcase classname="latihantest.selenium.pageobject.orangehrm.TestLogin" name="testValidLogin" time="18.129"/>
  <system-out/>
</testsuite> <!-- latihantest.selenium.pageobject.orangehrm.TestLogin -->
