<?xml version="1.0" encoding="UTF-8"?>
<!-- Generated by org.testng.reporters.JUnitReportReporter -->
<testsuite hostname="RushTen" failures="0" tests="1" name="latihantest.testing.ERentenirWebTest" time="0.002" errors="0" timestamp="2022-09-18T09:44:07 ICT" skipped="0">
  <testcase classname="latihantest.testing.ERentenirWebTest" name="LoginTest" time="0.002"/>
  <system-out/>
</testsuite> <!-- latihantest.testing.ERentenirWebTest -->
