<?xml version="1.0" encoding="UTF-8"?>
<!-- Generated by org.testng.reporters.JUnitReportReporter -->
<testsuite hostname="DESKTOP-26B5BFK" failures="0" tests="1" name="tugas.selenium.demoqa.elements.Buttons" time="10.004" errors="0" timestamp="2022-09-16T08:57:55 ICT" skipped="0">
  <testcase classname="tugas.selenium.demoqa.elements.Buttons" name="testButtons" time="10.004"/>
  <system-out/>
</testsuite> <!-- tugas.selenium.demoqa.elements.Buttons -->
