<?xml version="1.0" encoding="UTF-8"?>
<!-- Generated by org.testng.reporters.JUnitReportReporter -->
<testsuite hostname="RushTen" failures="0" tests="1" name="ujiantest.kedua.StringToNumericTest" time="0.009" errors="0" timestamp="2022-09-05T18:07:20 ICT" skipped="0">
  <testcase classname="ujiantest.kedua.StringToNumericTest" name="testDevide" time="0.009"/>
  <system-out/>
</testsuite> <!-- ujiantest.kedua.StringToNumericTest -->
