<?xml version="1.0" encoding="UTF-8"?>
<!-- Generated by org.testng.reporters.JUnitReportReporter -->
<testsuite hostname="DESKTOP-26B5BFK" failures="0" tests="2" name="latihantest.training.TestAlgorithmSort" time="0.013" errors="0" timestamp="2022-09-05T19:29:03 ICT" skipped="0">
  <testcase classname="latihantest.training.TestAlgorithmSort" name="sortTest1" time="0.010"/>
  <system-out/>
  <testcase classname="latihantest.training.TestAlgorithmSort" name="sortTest2" time="0.003"/>
  <system-out/>
</testsuite> <!-- latihantest.training.TestAlgorithmSort -->
