<?xml version="1.0" encoding="UTF-8"?>
<!-- Generated by org.testng.reporters.JUnitReportReporter -->
<testsuite hostname="DESKTOP-26B5BFK" failures="0" tests="1" name="ujiantest.kedua.StringToNumericTest" time="0.004" errors="0" timestamp="2022-09-06T12:40:29 ICT" skipped="0">
  <testcase classname="ujiantest.kedua.StringToNumericTest" name="testDevide" time="0.004"/>
  <system-out/>
</testsuite> <!-- ujiantest.kedua.StringToNumericTest -->
