<?xml version="1.0" encoding="UTF-8"?>
<!-- Generated by org.testng.reporters.JUnitReportReporter -->
<testsuite hostname="DESKTOP-26B5BFK" failures="0" tests="1" name="latihantest.selenium.CekJudul" time="2.910" errors="0" timestamp="2022-09-16T11:18:11 ICT" skipped="0">
  <testcase classname="latihantest.selenium.CekJudul" name="cekGoogle" time="2.910"/>
  <system-out/>
</testsuite> <!-- latihantest.selenium.CekJudul -->
