<?xml version="1.0" encoding="UTF-8"?>
<!-- Generated by org.testng.reporters.JUnitReportReporter -->
<testsuite hostname="RushTen" failures="0" tests="1" name="ujian.ujiankedua.StringToNumericTest" time="0.005" errors="0" timestamp="2022-09-17T14:37:37 ICT" skipped="0">
  <testcase classname="ujian.ujiankedua.StringToNumericTest" name="testDevide" time="0.005"/>
  <system-out/>
</testsuite> <!-- ujian.ujiankedua.StringToNumericTest -->
