<?xml version="1.0" encoding="UTF-8"?>
<!-- Generated by org.testng.reporters.JUnitReportReporter -->
<testsuite hostname="RushTen" failures="0" tests="3" name="ujian.ujiankedua.GeometriTest" time="0.013" errors="0" timestamp="2022-09-18T09:44:48 ICT" skipped="0">
  <testcase classname="ujian.ujiankedua.GeometriTest" name="testLuasPersegi" time="0.008"/>
  <system-out/>
  <testcase classname="ujian.ujiankedua.GeometriTest" name="testLuasSegitiga" time="0.002"/>
  <system-out/>
  <testcase classname="ujian.ujiankedua.GeometriTest" name="testLuasTrapesium" time="0.003"/>
  <system-out/>
</testsuite> <!-- ujian.ujiankedua.GeometriTest -->
