<?xml version="1.0" encoding="UTF-8"?>
<!-- Generated by org.testng.reporters.JUnitReportReporter -->
<testsuite hostname="RushTen" failures="0" tests="1" name="ujian.ujiankeempat.nopcommerce.SearchProductPageTest" time="15.100" errors="0" timestamp="2022-09-18T01:50:25 ICT" skipped="0">
  <testcase classname="ujian.ujiankeempat.nopcommerce.SearchProductPageTest" name="testValidSearchMenu" time="15.100"/>
  <system-out/>
</testsuite> <!-- ujian.ujiankeempat.nopcommerce.SearchProductPageTest -->
