<?xml version="1.0" encoding="UTF-8"?>
<!-- Generated by org.testng.reporters.JUnitReportReporter -->
<testsuite hostname="RushTen" failures="0" tests="1" name="ujian.ujiankedua.GeometriTest" time="0.007" errors="0" timestamp="2022-09-17T20:35:51 ICT" skipped="0">
  <testcase classname="ujian.ujiankedua.GeometriTest" name="testLuasPersegi" time="0.007"/>
  <system-out/>
</testsuite> <!-- ujian.ujiankedua.GeometriTest -->
