<?xml version="1.0" encoding="UTF-8"?>
<!-- Generated by org.testng.reporters.JUnitReportReporter -->
<testsuite hostname="RushTen" failures="0" tests="1" name="latihantest.testing.ERentenirAPITest" time="0.008" errors="0" timestamp="2022-09-18T09:44:07 ICT" skipped="0">
  <testcase classname="latihantest.testing.ERentenirAPITest" name="LoginAPITest" time="0.008"/>
  <system-out/>
</testsuite> <!-- latihantest.testing.ERentenirAPITest -->
