<?xml version="1.0" encoding="UTF-8"?>
<!-- Generated by org.testng.reporters.JUnitReportReporter -->
<testsuite hostname="DESKTOP-26B5BFK" failures="0" tests="1" name="tugas.selenium.demoqa.elements.RadioButton" time="13.717" errors="0" timestamp="2022-09-16T08:30:21 ICT" skipped="0">
  <testcase classname="tugas.selenium.demoqa.elements.RadioButton" name="testRadioButton" time="13.717"/>
  <system-out/>
</testsuite> <!-- tugas.selenium.demoqa.elements.RadioButton -->
