<?xml version="1.0" encoding="UTF-8"?>
<!-- Generated by org.testng.reporters.JUnitReportReporter -->
<testsuite hostname="DESKTOP-26B5BFK" failures="0" tests="15" name="ujian.ujiankeempat.openweather.ByLatLon" time="8.268" errors="0" timestamp="2022-09-18T02:06:35 ICT" skipped="0">
  <testcase classname="ujian.ujiankeempat.openweather.ByLatLon" name="testGetWeatherByLatLon" time="0.511"/>
  <system-out/>
  <testcase classname="ujian.ujiankeempat.openweather.ByLatLon" name="testGetWeatherByLatLon" time="0.464"/>
  <system-out/>
  <testcase classname="ujian.ujiankeempat.openweather.ByLatLon" name="testGetWeatherByLatLon" time="0.489"/>
  <system-out/>
  <testcase classname="ujian.ujiankeempat.openweather.ByLatLon" name="testGetWeatherByLatLon" time="0.506"/>
  <system-out/>
  <testcase classname="ujian.ujiankeempat.openweather.ByLatLon" name="testGetWeatherByLatLon" time="0.499"/>
  <system-out/>
  <testcase classname="ujian.ujiankeempat.openweather.ByLatLon" name="testGetWeatherByLatLon" time="1.564"/>
  <system-out/>
  <testcase classname="ujian.ujiankeempat.openweather.ByLatLon" name="testGetWeatherByLatLon" time="0.457"/>
  <system-out/>
  <testcase classname="ujian.ujiankeempat.openweather.ByLatLon" name="testGetWeatherByLatLon" time="0.820"/>
  <system-out/>
  <testcase classname="ujian.ujiankeempat.openweather.ByLatLon" name="testGetWeatherByLatLon" time="0.716"/>
  <system-out/>
  <testcase classname="ujian.ujiankeempat.openweather.ByLatLon" name="testGetWeatherByLatLon" time="0.397"/>
  <system-out/>
  <testcase classname="ujian.ujiankeempat.openweather.ByLatLon" name="testGetWeatherByLatLon" time="0.304"/>
  <system-out/>
  <testcase classname="ujian.ujiankeempat.openweather.ByLatLon" name="testGetWeatherByLatLon" time="0.383"/>
  <system-out/>
  <testcase classname="ujian.ujiankeempat.openweather.ByLatLon" name="testGetWeatherByLatLon" time="0.408"/>
  <system-out/>
  <testcase classname="ujian.ujiankeempat.openweather.ByLatLon" name="testGetWeatherByLatLon" time="0.406"/>
  <system-out/>
  <testcase classname="ujian.ujiankeempat.openweather.ByLatLon" name="testGetWeatherByLatLon" time="0.344"/>
  <system-out/>
</testsuite> <!-- ujian.ujiankeempat.openweather.ByLatLon -->
