<?xml version="1.0" encoding="UTF-8"?>
<!-- Generated by org.testng.reporters.JUnitReportReporter -->
<testsuite hostname="RushTen" failures="0" tests="4" name="ujiantest.kedua.MatematikaTest" time="0.020" errors="0" timestamp="2022-09-05T18:07:16 ICT" skipped="0">
  <testcase classname="ujiantest.kedua.MatematikaTest" name="testDevide" time="0.013"/>
  <system-out/>
  <testcase classname="ujiantest.kedua.MatematikaTest" name="testMod" time="0.003"/>
  <system-out/>
  <testcase classname="ujiantest.kedua.MatematikaTest" name="testSubtract" time="0.002"/>
  <system-out/>
  <testcase classname="ujiantest.kedua.MatematikaTest" name="testSum" time="0.002"/>
  <system-out/>
</testsuite> <!-- ujiantest.kedua.MatematikaTest -->
