<?xml version="1.0" encoding="UTF-8"?>
<!-- Generated by org.testng.reporters.JUnitReportReporter -->
<testsuite hostname="DESKTOP-26B5BFK" failures="0" tests="1" name="ujian.ujiankelima.selenium.TestProductPage" time="19.427" errors="0" timestamp="2022-09-24T22:39:34 ICT" skipped="0">
  <testcase classname="ujian.ujiankelima.selenium.TestProductPage" name="testValidAddProductToCart" time="19.427"/>
  <system-out/>
</testsuite> <!-- ujian.ujiankelima.selenium.TestProductPage -->
