<?xml version="1.0" encoding="UTF-8"?>
<!-- Generated by org.testng.reporters.JUnitReportReporter -->
<testsuite hostname="RushTen" failures="0" tests="1" name="latihantest.testing.NetworkTest" time="0.001" errors="0" timestamp="2022-09-18T09:42:50 ICT" skipped="0">
  <testcase classname="latihantest.testing.NetworkTest" name="browserTest" time="0.001"/>
  <system-out/>
</testsuite> <!-- latihantest.testing.NetworkTest -->
