<?xml version="1.0" encoding="UTF-8"?>
<!-- Generated by org.testng.reporters.JUnitReportReporter -->
<testsuite hostname="RushTen" failures="0" tests="1" name="tugas.selenium.demoaut.FormPageTest" time="41.427" errors="0" timestamp="2022-09-17T00:45:46 ICT" skipped="0">
  <testcase classname="tugas.selenium.demoaut.FormPageTest" name="testValidSubmitForm" time="41.427"/>
  <system-out/>
</testsuite> <!-- tugas.selenium.demoaut.FormPageTest -->
