<?xml version="1.0" encoding="UTF-8"?>
<!-- Generated by org.testng.reporters.JUnitReportReporter -->
<testsuite hostname="DESKTOP-26B5BFK" failures="0" tests="6" name="latihantest.cucumber.hrms.outline.OutlineRunner" time="3.233" errors="1" timestamp="2022-09-20T11:43:20 ICT" skipped="0">
  <testcase classname="latihantest.cucumber.hrms.outline.OutlineRunner" name="runScenario" time="2.997"/>
  <system-out/>
  <testcase classname="latihantest.cucumber.hrms.outline.OutlineRunner" name="runScenario" time="0.047">
    <error message="Index 1 out of bounds for length 1" type="java.lang.ArrayIndexOutOfBoundsException">
      <![CDATA[java.lang.ArrayIndexOutOfBoundsException: Index 1 out of bounds for length 1
at latihantest.cucumber.hrms.outline.OutlineHooks.setUp(OutlineHooks.java:35)
]]>
    </error>
  </testcase> <!-- runScenario -->
  <system-out/>
  <testcase classname="latihantest.cucumber.hrms.outline.OutlineRunner" name="runScenario" time="0.051"/>
  <system-out/>
  <testcase classname="latihantest.cucumber.hrms.outline.OutlineRunner" name="runScenario" time="0.046"/>
  <system-out/>
  <testcase classname="latihantest.cucumber.hrms.outline.OutlineRunner" name="runScenario" time="0.050"/>
  <system-out/>
  <testcase classname="latihantest.cucumber.hrms.outline.OutlineRunner" name="runScenario" time="0.042"/>
  <system-out/>
</testsuite> <!-- latihantest.cucumber.hrms.outline.OutlineRunner -->
