<?xml version="1.0" encoding="UTF-8"?>
<!-- Generated by org.testng.reporters.JUnitReportReporter -->
<testsuite hostname="RushTen" failures="0" tests="3" name="latihantest.selenium.pageobject.orangehrm.TestLogin" time="60.971" errors="0" timestamp="2022-09-24T12:57:31 ICT" skipped="0">
  <testcase classname="latihantest.selenium.pageobject.orangehrm.TestLogin" name="testValidLogin" time="31.376"/>
  <system-out/>
  <testcase classname="latihantest.selenium.pageobject.orangehrm.TestLogin" name="testValidLoginUppercaseUsername" time="13.362"/>
  <system-out/>
  <testcase classname="latihantest.selenium.pageobject.orangehrm.TestLogin" name="testInvalidLoginEmptyField" time="16.233"/>
  <system-out/>
</testsuite> <!-- latihantest.selenium.pageobject.orangehrm.TestLogin -->
