<?xml version="1.0" encoding="UTF-8"?>
<!-- Generated by org.testng.reporters.JUnitReportReporter -->
<testsuite hostname="DESKTOP-26B5BFK" failures="0" tests="15" name="ujian.ujiankeempat.openweather.ByZipCodeCountryCode" time="9.149" errors="0" timestamp="2022-09-18T02:07:13 ICT" skipped="0">
  <testcase classname="ujian.ujiankeempat.openweather.ByZipCodeCountryCode" name="testGetWeatherByZipCodeCountryCode" time="0.512"/>
  <system-out/>
  <testcase classname="ujian.ujiankeempat.openweather.ByZipCodeCountryCode" name="testGetWeatherByZipCodeCountryCode" time="0.511"/>
  <system-out/>
  <testcase classname="ujian.ujiankeempat.openweather.ByZipCodeCountryCode" name="testGetWeatherByZipCodeCountryCode" time="0.516"/>
  <system-out/>
  <testcase classname="ujian.ujiankeempat.openweather.ByZipCodeCountryCode" name="testGetWeatherByZipCodeCountryCode" time="0.700"/>
  <system-out/>
  <testcase classname="ujian.ujiankeempat.openweather.ByZipCodeCountryCode" name="testGetWeatherByZipCodeCountryCode" time="0.511"/>
  <system-out/>
  <testcase classname="ujian.ujiankeempat.openweather.ByZipCodeCountryCode" name="testGetWeatherByZipCodeCountryCode" time="0.504"/>
  <system-out/>
  <testcase classname="ujian.ujiankeempat.openweather.ByZipCodeCountryCode" name="testGetWeatherByZipCodeCountryCode" time="1.672"/>
  <system-out/>
  <testcase classname="ujian.ujiankeempat.openweather.ByZipCodeCountryCode" name="testGetWeatherByZipCodeCountryCode" time="0.508"/>
  <system-out/>
  <testcase classname="ujian.ujiankeempat.openweather.ByZipCodeCountryCode" name="testGetWeatherByZipCodeCountryCode" time="0.508"/>
  <system-out/>
  <testcase classname="ujian.ujiankeempat.openweather.ByZipCodeCountryCode" name="testGetWeatherByZipCodeCountryCode" time="0.623"/>
  <system-out/>
  <testcase classname="ujian.ujiankeempat.openweather.ByZipCodeCountryCode" name="testGetWeatherByZipCodeCountryCode" time="0.534"/>
  <system-out/>
  <testcase classname="ujian.ujiankeempat.openweather.ByZipCodeCountryCode" name="testGetWeatherByZipCodeCountryCode" time="0.523"/>
  <system-out/>
  <testcase classname="ujian.ujiankeempat.openweather.ByZipCodeCountryCode" name="testGetWeatherByZipCodeCountryCode" time="0.509"/>
  <system-out/>
  <testcase classname="ujian.ujiankeempat.openweather.ByZipCodeCountryCode" name="testGetWeatherByZipCodeCountryCode" time="0.508"/>
  <system-out/>
  <testcase classname="ujian.ujiankeempat.openweather.ByZipCodeCountryCode" name="testGetWeatherByZipCodeCountryCode" time="0.510"/>
  <system-out/>
</testsuite> <!-- ujian.ujiankeempat.openweather.ByZipCodeCountryCode -->
