<?xml version="1.0" encoding="UTF-8"?>
<!-- Generated by org.testng.reporters.JUnitReportReporter -->
<testsuite hostname="RushTen" failures="0" tests="15" name="ujian.ujiankeempat.ByCityName" time="5.588" errors="0" timestamp="2022-09-17T13:18:11 ICT" skipped="0">
  <testcase classname="ujian.ujiankeempat.ByCityName" name="testGetWeatherByCityName" time="0.287"/>
  <system-out/>
  <testcase classname="ujian.ujiankeempat.ByCityName" name="testGetWeatherByCityName" time="0.966"/>
  <system-out/>
  <testcase classname="ujian.ujiankeempat.ByCityName" name="testGetWeatherByCityName" time="0.270"/>
  <system-out/>
  <testcase classname="ujian.ujiankeempat.ByCityName" name="testGetWeatherByCityName" time="0.378"/>
  <system-out/>
  <testcase classname="ujian.ujiankeempat.ByCityName" name="testGetWeatherByCityName" time="0.264"/>
  <system-out/>
  <testcase classname="ujian.ujiankeempat.ByCityName" name="testGetWeatherByCityName" time="0.233"/>
  <system-out/>
  <testcase classname="ujian.ujiankeempat.ByCityName" name="testGetWeatherByCityName" time="0.271"/>
  <system-out/>
  <testcase classname="ujian.ujiankeempat.ByCityName" name="testGetWeatherByCityName" time="0.297"/>
  <system-out/>
  <testcase classname="ujian.ujiankeempat.ByCityName" name="testGetWeatherByCityName" time="0.274"/>
  <system-out/>
  <testcase classname="ujian.ujiankeempat.ByCityName" name="testGetWeatherByCityName" time="0.248"/>
  <system-out/>
  <testcase classname="ujian.ujiankeempat.ByCityName" name="testGetWeatherByCityName" time="1.188"/>
  <system-out/>
  <testcase classname="ujian.ujiankeempat.ByCityName" name="testGetWeatherByCityName" time="0.251"/>
  <system-out/>
  <testcase classname="ujian.ujiankeempat.ByCityName" name="testGetWeatherByCityName" time="0.237"/>
  <system-out/>
  <testcase classname="ujian.ujiankeempat.ByCityName" name="testGetWeatherByCityName" time="0.223"/>
  <system-out/>
  <testcase classname="ujian.ujiankeempat.ByCityName" name="testGetWeatherByCityName" time="0.201"/>
  <system-out/>
</testsuite> <!-- ujian.ujiankeempat.ByCityName -->
