<?xml version="1.0" encoding="UTF-8"?>
<!-- Generated by org.testng.reporters.JUnitReportReporter -->
<testsuite hostname="RushTen" failures="0" tests="1" name="ujian.ujiankelima.selenium.TestCartPage" time="3.613" errors="0" timestamp="2022-09-24T18:03:57 ICT" skipped="0">
  <testcase classname="ujian.ujiankelima.selenium.TestCartPage" name="testValidBackShop" time="3.613"/>
  <system-out/>
</testsuite> <!-- ujian.ujiankelima.selenium.TestCartPage -->
