<?xml version="1.0" encoding="UTF-8"?>
<!-- Generated by org.testng.reporters.JUnitReportReporter -->
<testsuite hostname="RushTen" failures="0" tests="15" name="ujian.ujiankeempat.ByZipCodeCountryCode" time="5.702" errors="0" timestamp="2022-09-17T13:17:20 ICT" skipped="0">
  <testcase classname="ujian.ujiankeempat.ByZipCodeCountryCode" name="testGetWeatherByZipCodeCountryCode" time="0.358"/>
  <system-out/>
  <testcase classname="ujian.ujiankeempat.ByZipCodeCountryCode" name="testGetWeatherByZipCodeCountryCode" time="0.254"/>
  <system-out/>
  <testcase classname="ujian.ujiankeempat.ByZipCodeCountryCode" name="testGetWeatherByZipCodeCountryCode" time="0.317"/>
  <system-out/>
  <testcase classname="ujian.ujiankeempat.ByZipCodeCountryCode" name="testGetWeatherByZipCodeCountryCode" time="0.319"/>
  <system-out/>
  <testcase classname="ujian.ujiankeempat.ByZipCodeCountryCode" name="testGetWeatherByZipCodeCountryCode" time="0.270"/>
  <system-out/>
  <testcase classname="ujian.ujiankeempat.ByZipCodeCountryCode" name="testGetWeatherByZipCodeCountryCode" time="1.232"/>
  <system-out/>
  <testcase classname="ujian.ujiankeempat.ByZipCodeCountryCode" name="testGetWeatherByZipCodeCountryCode" time="0.279"/>
  <system-out/>
  <testcase classname="ujian.ujiankeempat.ByZipCodeCountryCode" name="testGetWeatherByZipCodeCountryCode" time="0.309"/>
  <system-out/>
  <testcase classname="ujian.ujiankeempat.ByZipCodeCountryCode" name="testGetWeatherByZipCodeCountryCode" time="0.269"/>
  <system-out/>
  <testcase classname="ujian.ujiankeempat.ByZipCodeCountryCode" name="testGetWeatherByZipCodeCountryCode" time="0.429"/>
  <system-out/>
  <testcase classname="ujian.ujiankeempat.ByZipCodeCountryCode" name="testGetWeatherByZipCodeCountryCode" time="0.304"/>
  <system-out/>
  <testcase classname="ujian.ujiankeempat.ByZipCodeCountryCode" name="testGetWeatherByZipCodeCountryCode" time="0.331"/>
  <system-out/>
  <testcase classname="ujian.ujiankeempat.ByZipCodeCountryCode" name="testGetWeatherByZipCodeCountryCode" time="0.362"/>
  <system-out/>
  <testcase classname="ujian.ujiankeempat.ByZipCodeCountryCode" name="testGetWeatherByZipCodeCountryCode" time="0.342"/>
  <system-out/>
  <testcase classname="ujian.ujiankeempat.ByZipCodeCountryCode" name="testGetWeatherByZipCodeCountryCode" time="0.327"/>
  <system-out/>
</testsuite> <!-- ujian.ujiankeempat.ByZipCodeCountryCode -->
