<?xml version="1.0" encoding="UTF-8"?>
<!-- Generated by org.testng.reporters.JUnitReportReporter -->
<testsuite hostname="DESKTOP-26B5BFK" failures="0" tests="2" name="latihantest.TestingAnnotation" time="0.016" errors="0" timestamp="2022-09-15T14:33:32 ICT" skipped="0">
  <testcase classname="latihantest.TestingAnnotation" name="testCase2" time="0.005"/>
  <system-out/>
  <testcase classname="latihantest.TestingAnnotation" name="testCase1" time="0.011"/>
  <system-out/>
</testsuite> <!-- latihantest.TestingAnnotation -->
