<?xml version="1.0" encoding="UTF-8"?>
<!-- Generated by org.testng.reporters.JUnitReportReporter -->
<testsuite hostname="DESKTOP-26B5BFK" failures="0" tests="1" name="latihan.pagefactoryobjek.TestLogin" time="19.703" errors="0" timestamp="2022-09-16T12:59:16 ICT" skipped="0">
  <testcase classname="latihan.pagefactoryobjek.TestLogin" name="testValidLogin" time="19.703"/>
  <system-out/>
</testsuite> <!-- latihan.pagefactoryobjek.TestLogin -->
