<?xml version="1.0" encoding="UTF-8"?>
<!-- Generated by org.testng.reporters.JUnitReportReporter -->
<testsuite hostname="DESKTOP-26B5BFK" failures="0" tests="2" name="ujian.ujiankelima.cucumber.articlepage.OutlineRunner" time="39.061" errors="0" timestamp="2022-09-24T22:37:29 ICT" skipped="0">
  <testcase classname="ujian.ujiankelima.cucumber.articlepage.OutlineRunner" name="runScenario" time="15.992"/>
  <system-out/>
  <testcase classname="ujian.ujiankelima.cucumber.articlepage.OutlineRunner" name="runScenario" time="23.069"/>
  <system-out/>
</testsuite> <!-- ujian.ujiankelima.cucumber.articlepage.OutlineRunner -->
