<?xml version="1.0" encoding="UTF-8"?>
<!-- Generated by org.testng.reporters.JUnitReportReporter -->
<testsuite hostname="DESKTOP-26B5BFK" failures="0" tests="4" name="ujian.ujiankeempat.nopcommerce.LoginPageTest" time="34.587" errors="0" timestamp="2022-09-18T02:09:57 ICT" skipped="0">
  <testcase classname="ujian.ujiankeempat.nopcommerce.LoginPageTest" name="testValidLogin" time="8.660"/>
  <system-out/>
  <testcase classname="ujian.ujiankeempat.nopcommerce.LoginPageTest" name="testValidLoginUpperCase" time="8.492"/>
  <system-out/>
  <testcase classname="ujian.ujiankeempat.nopcommerce.LoginPageTest" name="testInvalidLoginEmail" time="8.231"/>
  <system-out/>
  <testcase classname="ujian.ujiankeempat.nopcommerce.LoginPageTest" name="testInvalidLoginPass" time="9.204"/>
  <system-out/>
</testsuite> <!-- ujian.ujiankeempat.nopcommerce.LoginPageTest -->
