<?xml version="1.0" encoding="UTF-8"?>
<!-- Generated by org.testng.reporters.JUnitReportReporter -->
<testsuite hostname="RushTen" failures="0" tests="4" name="ujian.ujiankedua.MatematikaTest" time="0.006" errors="0" timestamp="2022-09-18T09:44:48 ICT" skipped="0">
  <testcase classname="ujian.ujiankedua.MatematikaTest" name="testSum" time="0.001"/>
  <system-out/>
  <testcase classname="ujian.ujiankedua.MatematikaTest" name="testSubtract" time="0.001"/>
  <system-out/>
  <testcase classname="ujian.ujiankedua.MatematikaTest" name="testDevide" time="0.003"/>
  <system-out/>
  <testcase classname="ujian.ujiankedua.MatematikaTest" name="testMod" time="0.001"/>
  <system-out/>
</testsuite> <!-- ujian.ujiankedua.MatematikaTest -->
