<?xml version="1.0" encoding="UTF-8"?>
<!-- Generated by org.testng.reporters.JUnitReportReporter -->
<testsuite hostname="RushTen" failures="0" tests="1" name="ujian.ujiankelima.selenium.TestProductPage" time="21.865" errors="0" timestamp="2022-09-24T18:01:32 ICT" skipped="0">
  <testcase classname="ujian.ujiankelima.selenium.TestProductPage" name="testValidAddProductToCart" time="21.865"/>
  <system-out/>
</testsuite> <!-- ujian.ujiankelima.selenium.TestProductPage -->
