<?xml version="1.0" encoding="UTF-8"?>
<!-- Generated by org.testng.reporters.JUnitReportReporter -->
<testsuite hostname="DESKTOP-26B5BFK" failures="0" tests="2" name="latihantest.training.TestShopping" time="0.012" errors="0" timestamp="2022-09-05T19:28:33 ICT" skipped="0">
  <testcase classname="latihantest.training.TestShopping" name="addProdSatu" time="0.010"/>
  <system-out/>
  <testcase classname="latihantest.training.TestShopping" name="hitungBelanja" time="0.002"/>
  <system-out/>
</testsuite> <!-- latihantest.training.TestShopping -->
