<?xml version="1.0" encoding="UTF-8"?>
<!-- Generated by org.testng.reporters.JUnitReportReporter -->
<testsuite hostname="RushTen" failures="0" tests="4" name="ujian.ujiankeempat.nopcommerce.LoginPageTest" time="49.746" errors="0" timestamp="2022-09-18T11:59:31 ICT" skipped="0">
  <testcase classname="ujian.ujiankeempat.nopcommerce.LoginPageTest" name="testValidLogin" time="13.928"/>
  <system-out/>
  <testcase classname="ujian.ujiankeempat.nopcommerce.LoginPageTest" name="testValidLoginUpperCase" time="13.600"/>
  <system-out/>
  <testcase classname="ujian.ujiankeempat.nopcommerce.LoginPageTest" name="testInvalidLoginEmail" time="10.494"/>
  <system-out/>
  <testcase classname="ujian.ujiankeempat.nopcommerce.LoginPageTest" name="testInvalidLoginPass" time="11.724"/>
  <system-out/>
</testsuite> <!-- ujian.ujiankeempat.nopcommerce.LoginPageTest -->
