<?xml version="1.0" encoding="UTF-8"?>
<!-- Generated by org.testng.reporters.JUnitReportReporter -->
<testsuite hostname="DESKTOP-26B5BFK" failures="0" tests="2" name="latihantest.cucumber.nopcom.LoginRunner" time="9.046" errors="0" timestamp="2022-09-19T14:45:14 ICT" skipped="0">
  <testcase classname="latihantest.cucumber.nopcom.LoginRunner" name="runScenario" time="4.150"/>
  <system-out/>
  <testcase classname="latihantest.cucumber.nopcom.LoginRunner" name="runScenario" time="4.896"/>
  <system-out/>
</testsuite> <!-- latihantest.cucumber.nopcom.LoginRunner -->
