<?xml version="1.0" encoding="UTF-8"?>
<!-- Generated by org.testng.reporters.JUnitReportReporter -->
<testsuite hostname="DESKTOP-26B5BFK" failures="0" tests="1" name="tugas.selenium.formy.AutoComplete" time="9.627" errors="0" timestamp="2022-09-16T13:11:48 ICT" skipped="0">
  <testcase classname="tugas.selenium.formy.AutoComplete" name="testAutoComplete" time="9.627"/>
  <system-out/>
</testsuite> <!-- tugas.selenium.formy.AutoComplete -->
