<?xml version="1.0" encoding="UTF-8"?>
<!-- Generated by org.testng.reporters.JUnitReportReporter -->
<testsuite hostname="RushTen" failures="0" tests="15" name="ujian.ujiankeempat.openweather.ByZipCodeCountryCode" time="4.576" errors="0" timestamp="2022-09-17T23:12:41 ICT" skipped="0">
  <testcase classname="ujian.ujiankeempat.openweather.ByZipCodeCountryCode" name="testGetWeatherByZipCodeCountryCode" time="0.253"/>
  <system-out/>
  <testcase classname="ujian.ujiankeempat.openweather.ByZipCodeCountryCode" name="testGetWeatherByZipCodeCountryCode" time="0.198"/>
  <system-out/>
  <testcase classname="ujian.ujiankeempat.openweather.ByZipCodeCountryCode" name="testGetWeatherByZipCodeCountryCode" time="0.224"/>
  <system-out/>
  <testcase classname="ujian.ujiankeempat.openweather.ByZipCodeCountryCode" name="testGetWeatherByZipCodeCountryCode" time="0.295"/>
  <system-out/>
  <testcase classname="ujian.ujiankeempat.openweather.ByZipCodeCountryCode" name="testGetWeatherByZipCodeCountryCode" time="0.298"/>
  <system-out/>
  <testcase classname="ujian.ujiankeempat.openweather.ByZipCodeCountryCode" name="testGetWeatherByZipCodeCountryCode" time="0.956"/>
  <system-out/>
  <testcase classname="ujian.ujiankeempat.openweather.ByZipCodeCountryCode" name="testGetWeatherByZipCodeCountryCode" time="0.502"/>
  <system-out/>
  <testcase classname="ujian.ujiankeempat.openweather.ByZipCodeCountryCode" name="testGetWeatherByZipCodeCountryCode" time="0.237"/>
  <system-out/>
  <testcase classname="ujian.ujiankeempat.openweather.ByZipCodeCountryCode" name="testGetWeatherByZipCodeCountryCode" time="0.209"/>
  <system-out/>
  <testcase classname="ujian.ujiankeempat.openweather.ByZipCodeCountryCode" name="testGetWeatherByZipCodeCountryCode" time="0.223"/>
  <system-out/>
  <testcase classname="ujian.ujiankeempat.openweather.ByZipCodeCountryCode" name="testGetWeatherByZipCodeCountryCode" time="0.206"/>
  <system-out/>
  <testcase classname="ujian.ujiankeempat.openweather.ByZipCodeCountryCode" name="testGetWeatherByZipCodeCountryCode" time="0.263"/>
  <system-out/>
  <testcase classname="ujian.ujiankeempat.openweather.ByZipCodeCountryCode" name="testGetWeatherByZipCodeCountryCode" time="0.201"/>
  <system-out/>
  <testcase classname="ujian.ujiankeempat.openweather.ByZipCodeCountryCode" name="testGetWeatherByZipCodeCountryCode" time="0.233"/>
  <system-out/>
  <testcase classname="ujian.ujiankeempat.openweather.ByZipCodeCountryCode" name="testGetWeatherByZipCodeCountryCode" time="0.278"/>
  <system-out/>
</testsuite> <!-- ujian.ujiankeempat.openweather.ByZipCodeCountryCode -->
