<?xml version="1.0" encoding="UTF-8"?>
<!-- Generated by org.testng.reporters.JUnitReportReporter -->
<testsuite hostname="DESKTOP-26B5BFK" failures="0" tests="1" name="ujian.ujiankeempat.nopcommerce.SearchMenuSidebarTest" time="18.238" errors="0" timestamp="2022-09-19T08:06:43 ICT" skipped="0">
  <testcase classname="ujian.ujiankeempat.nopcommerce.SearchMenuSidebarTest" name="testValidSearchMenu" time="18.238"/>
  <system-out/>
</testsuite> <!-- ujian.ujiankeempat.nopcommerce.SearchMenuSidebarTest -->
