<?xml version="1.0" encoding="UTF-8"?>
<!-- Generated by org.testng.reporters.JUnitReportReporter -->
<testsuite hostname="RushTen" failures="0" tests="4" name="ujian.ujiankeempat.nopcommerce.LoginPageTest" time="36.646" errors="0" timestamp="2022-09-18T01:54:29 ICT" skipped="0">
  <testcase classname="ujian.ujiankeempat.nopcommerce.LoginPageTest" name="testValidLogin" time="12.082"/>
  <system-out/>
  <testcase classname="ujian.ujiankeempat.nopcommerce.LoginPageTest" name="testValidLoginUpperCase" time="9.359"/>
  <system-out/>
  <testcase classname="ujian.ujiankeempat.nopcommerce.LoginPageTest" name="testInvalidLoginEmail" time="7.577"/>
  <system-out/>
  <testcase classname="ujian.ujiankeempat.nopcommerce.LoginPageTest" name="testInvalidLoginPass" time="7.628"/>
  <system-out/>
</testsuite> <!-- ujian.ujiankeempat.nopcommerce.LoginPageTest -->
