<?xml version="1.0" encoding="UTF-8"?>
<!-- Generated by org.testng.reporters.JUnitReportReporter -->
<testsuite hostname="RushTen" failures="0" tests="1" name="ujian.ujiankelima.selenium.TestArticlePage" time="15.212" errors="0" timestamp="2022-09-24T18:00:46 ICT" skipped="0">
  <testcase classname="ujian.ujiankelima.selenium.TestArticlePage" name="testInvalidEmail" time="15.212"/>
  <system-out/>
</testsuite> <!-- ujian.ujiankelima.selenium.TestArticlePage -->
