<?xml version="1.0" encoding="UTF-8"?>
<!-- Generated by org.testng.reporters.JUnitReportReporter -->
<testsuite hostname="DESKTOP-26B5BFK" failures="0" tests="4" name="ujian.ujiankeempat.nopcommerce.LoginPageTest" time="34.432" errors="0" timestamp="2022-09-19T13:22:03 ICT" skipped="0">
  <testcase classname="ujian.ujiankeempat.nopcommerce.LoginPageTest" name="testValidLogin" time="9.189"/>
  <system-out/>
  <testcase classname="ujian.ujiankeempat.nopcommerce.LoginPageTest" name="testValidLoginUpperCase" time="10.916"/>
  <system-out/>
  <testcase classname="ujian.ujiankeempat.nopcommerce.LoginPageTest" name="testInvalidLoginEmail" time="6.242"/>
  <system-out/>
  <testcase classname="ujian.ujiankeempat.nopcommerce.LoginPageTest" name="testInvalidLoginPass" time="8.085"/>
  <system-out/>
</testsuite> <!-- ujian.ujiankeempat.nopcommerce.LoginPageTest -->
