<?xml version="1.0" encoding="UTF-8"?>
<!-- Generated by org.testng.reporters.JUnitReportReporter -->
<testsuite hostname="RushTen" failures="0" tests="2" name="ujian.ujiankelima.cucumber.articlepage.OutlineRunner" time="39.729" errors="0" timestamp="2022-09-24T18:05:13 ICT" skipped="0">
  <testcase classname="ujian.ujiankelima.cucumber.articlepage.OutlineRunner" name="runScenario" time="21.724"/>
  <system-out/>
  <testcase classname="ujian.ujiankelima.cucumber.articlepage.OutlineRunner" name="runScenario" time="18.005"/>
  <system-out/>
</testsuite> <!-- ujian.ujiankelima.cucumber.articlepage.OutlineRunner -->
