<?xml version="1.0" encoding="UTF-8"?>
<!-- Generated by org.testng.reporters.JUnitReportReporter -->
<testsuite hostname="DESKTOP-26B5BFK" failures="0" tests="1" name="ujian.ujiankelima.selenium.TestMyAccountPage" time="12.436" errors="0" timestamp="2022-09-24T22:27:29 ICT" skipped="0">
  <testcase classname="ujian.ujiankelima.selenium.TestMyAccountPage" name="testInvalidLogin" time="12.436"/>
  <system-out/>
</testsuite> <!-- ujian.ujiankelima.selenium.TestMyAccountPage -->
