<?xml version="1.0" encoding="UTF-8"?>
<!-- Generated by org.testng.reporters.JUnitReportReporter -->
<testsuite hostname="RushTen" failures="0" tests="15" name="ujian.ujiankeempat.ByCityNameCountryCode" time="12.363" errors="0" timestamp="2022-09-17T12:49:37 ICT" skipped="0">
  <testcase classname="ujian.ujiankeempat.ByCityNameCountryCode" name="testGetWeatherByCityNameCountryCode" time="0.959"/>
  <system-out/>
  <testcase classname="ujian.ujiankeempat.ByCityNameCountryCode" name="testGetWeatherByCityNameCountryCode" time="0.967"/>
  <system-out/>
  <testcase classname="ujian.ujiankeempat.ByCityNameCountryCode" name="testGetWeatherByCityNameCountryCode" time="0.513"/>
  <system-out/>
  <testcase classname="ujian.ujiankeempat.ByCityNameCountryCode" name="testGetWeatherByCityNameCountryCode" time="0.839"/>
  <system-out/>
  <testcase classname="ujian.ujiankeempat.ByCityNameCountryCode" name="testGetWeatherByCityNameCountryCode" time="0.682"/>
  <system-out/>
  <testcase classname="ujian.ujiankeempat.ByCityNameCountryCode" name="testGetWeatherByCityNameCountryCode" time="0.807"/>
  <system-out/>
  <testcase classname="ujian.ujiankeempat.ByCityNameCountryCode" name="testGetWeatherByCityNameCountryCode" time="0.706"/>
  <system-out/>
  <testcase classname="ujian.ujiankeempat.ByCityNameCountryCode" name="testGetWeatherByCityNameCountryCode" time="0.534"/>
  <system-out/>
  <testcase classname="ujian.ujiankeempat.ByCityNameCountryCode" name="testGetWeatherByCityNameCountryCode" time="1.166"/>
  <system-out/>
  <testcase classname="ujian.ujiankeempat.ByCityNameCountryCode" name="testGetWeatherByCityNameCountryCode" time="0.645"/>
  <system-out/>
  <testcase classname="ujian.ujiankeempat.ByCityNameCountryCode" name="testGetWeatherByCityNameCountryCode" time="0.715"/>
  <system-out/>
  <testcase classname="ujian.ujiankeempat.ByCityNameCountryCode" name="testGetWeatherByCityNameCountryCode" time="0.816"/>
  <system-out/>
  <testcase classname="ujian.ujiankeempat.ByCityNameCountryCode" name="testGetWeatherByCityNameCountryCode" time="0.818"/>
  <system-out/>
  <testcase classname="ujian.ujiankeempat.ByCityNameCountryCode" name="testGetWeatherByCityNameCountryCode" time="0.703"/>
  <system-out/>
  <testcase classname="ujian.ujiankeempat.ByCityNameCountryCode" name="testGetWeatherByCityNameCountryCode" time="1.493"/>
  <system-out/>
</testsuite> <!-- ujian.ujiankeempat.ByCityNameCountryCode -->
