<?xml version="1.0" encoding="UTF-8"?>
<!-- Generated by org.testng.reporters.JUnitReportReporter -->
<testsuite hostname="DESKTOP-26B5BFK" failures="0" tests="1" name="restassured.SampleRestAssured" time="1.383" errors="0" timestamp="2022-09-12T11:11:19 ICT" skipped="0">
  <testcase classname="restassured.SampleRestAssured" name="testGetOneWithData" time="1.383"/>
  <system-out/>
</testsuite> <!-- restassured.SampleRestAssured -->
