<?xml version="1.0" encoding="UTF-8"?>
<!-- Generated by org.testng.reporters.JUnitReportReporter -->
<testsuite hostname="DESKTOP-26B5BFK" failures="0" tests="1" name="tugas.selenium.demoaut.Form" time="87.234" errors="0" timestamp="2022-09-16T20:40:55 ICT" skipped="0">
  <testcase classname="tugas.selenium.demoaut.Form" name="testValidSubmitForm" time="87.234"/>
  <system-out/>
</testsuite> <!-- tugas.selenium.demoaut.Form -->
