<?xml version="1.0" encoding="UTF-8"?>
<!-- Generated by org.testng.reporters.JUnitReportReporter -->
<testsuite hostname="DESKTOP-26B5BFK" failures="0" tests="1" name="tugas.selenium.demoqa.elements.WebTables" time="18.583" errors="0" timestamp="2022-09-16T08:30:52 ICT" skipped="0">
  <testcase classname="tugas.selenium.demoqa.elements.WebTables" name="testWebTables" time="18.583"/>
  <system-out/>
</testsuite> <!-- tugas.selenium.demoqa.elements.WebTables -->
