<?xml version="1.0" encoding="UTF-8"?>
<!-- Generated by org.testng.reporters.JUnitReportReporter -->
<testsuite hostname="RushTen" failures="0" tests="15" name="ujian.ujiankeempat.ByLatLon" time="6.274" errors="0" timestamp="2022-09-17T13:20:09 ICT" skipped="0">
  <testcase classname="ujian.ujiankeempat.ByLatLon" name="testGetWeatherByLatLon" time="0.396"/>
  <system-out/>
  <testcase classname="ujian.ujiankeempat.ByLatLon" name="testGetWeatherByLatLon" time="0.356"/>
  <system-out/>
  <testcase classname="ujian.ujiankeempat.ByLatLon" name="testGetWeatherByLatLon" time="0.452"/>
  <system-out/>
  <testcase classname="ujian.ujiankeempat.ByLatLon" name="testGetWeatherByLatLon" time="0.308"/>
  <system-out/>
  <testcase classname="ujian.ujiankeempat.ByLatLon" name="testGetWeatherByLatLon" time="0.372"/>
  <system-out/>
  <testcase classname="ujian.ujiankeempat.ByLatLon" name="testGetWeatherByLatLon" time="0.337"/>
  <system-out/>
  <testcase classname="ujian.ujiankeempat.ByLatLon" name="testGetWeatherByLatLon" time="0.346"/>
  <system-out/>
  <testcase classname="ujian.ujiankeempat.ByLatLon" name="testGetWeatherByLatLon" time="0.250"/>
  <system-out/>
  <testcase classname="ujian.ujiankeempat.ByLatLon" name="testGetWeatherByLatLon" time="0.384"/>
  <system-out/>
  <testcase classname="ujian.ujiankeempat.ByLatLon" name="testGetWeatherByLatLon" time="0.430"/>
  <system-out/>
  <testcase classname="ujian.ujiankeempat.ByLatLon" name="testGetWeatherByLatLon" time="0.317"/>
  <system-out/>
  <testcase classname="ujian.ujiankeempat.ByLatLon" name="testGetWeatherByLatLon" time="0.303"/>
  <system-out/>
  <testcase classname="ujian.ujiankeempat.ByLatLon" name="testGetWeatherByLatLon" time="0.335"/>
  <system-out/>
  <testcase classname="ujian.ujiankeempat.ByLatLon" name="testGetWeatherByLatLon" time="0.252"/>
  <system-out/>
  <testcase classname="ujian.ujiankeempat.ByLatLon" name="testGetWeatherByLatLon" time="1.436"/>
  <system-out/>
</testsuite> <!-- ujian.ujiankeempat.ByLatLon -->
