<?xml version="1.0" encoding="UTF-8"?>
<!-- Generated by org.testng.reporters.JUnitReportReporter -->
<testsuite hostname="RushTen" failures="0" tests="15" name="ujian.ujiankeempat.ByCityId" time="9.682" errors="0" timestamp="2022-09-17T12:43:31 ICT" skipped="0">
  <testcase classname="ujian.ujiankeempat.ByCityId" name="testGetWeatherByCityId" time="0.822"/>
  <system-out/>
  <testcase classname="ujian.ujiankeempat.ByCityId" name="testGetWeatherByCityId" time="0.512"/>
  <system-out/>
  <testcase classname="ujian.ujiankeempat.ByCityId" name="testGetWeatherByCityId" time="0.655"/>
  <system-out/>
  <testcase classname="ujian.ujiankeempat.ByCityId" name="testGetWeatherByCityId" time="0.488"/>
  <system-out/>
  <testcase classname="ujian.ujiankeempat.ByCityId" name="testGetWeatherByCityId" time="0.501"/>
  <system-out/>
  <testcase classname="ujian.ujiankeempat.ByCityId" name="testGetWeatherByCityId" time="0.784"/>
  <system-out/>
  <testcase classname="ujian.ujiankeempat.ByCityId" name="testGetWeatherByCityId" time="0.610"/>
  <system-out/>
  <testcase classname="ujian.ujiankeempat.ByCityId" name="testGetWeatherByCityId" time="0.578"/>
  <system-out/>
  <testcase classname="ujian.ujiankeempat.ByCityId" name="testGetWeatherByCityId" time="0.678"/>
  <system-out/>
  <testcase classname="ujian.ujiankeempat.ByCityId" name="testGetWeatherByCityId" time="0.838"/>
  <system-out/>
  <testcase classname="ujian.ujiankeempat.ByCityId" name="testGetWeatherByCityId" time="0.514"/>
  <system-out/>
  <testcase classname="ujian.ujiankeempat.ByCityId" name="testGetWeatherByCityId" time="0.436"/>
  <system-out/>
  <testcase classname="ujian.ujiankeempat.ByCityId" name="testGetWeatherByCityId" time="1.447"/>
  <system-out/>
  <testcase classname="ujian.ujiankeempat.ByCityId" name="testGetWeatherByCityId" time="0.409"/>
  <system-out/>
  <testcase classname="ujian.ujiankeempat.ByCityId" name="testGetWeatherByCityId" time="0.410"/>
  <system-out/>
</testsuite> <!-- ujian.ujiankeempat.ByCityId -->
