<?xml version="1.0" encoding="UTF-8"?>
<!-- Generated by org.testng.reporters.JUnitReportReporter -->
<testsuite hostname="RushTen" failures="0" tests="15" name="ujian.ujiankeempat.openweather.ByLatLonLang" time="4.543" errors="0" timestamp="2022-09-17T23:12:13 ICT" skipped="0">
  <testcase classname="ujian.ujiankeempat.openweather.ByLatLonLang" name="testGetWeatherByLatLonLang" time="0.297"/>
  <system-out/>
  <testcase classname="ujian.ujiankeempat.openweather.ByLatLonLang" name="testGetWeatherByLatLonLang" time="0.244"/>
  <system-out/>
  <testcase classname="ujian.ujiankeempat.openweather.ByLatLonLang" name="testGetWeatherByLatLonLang" time="0.236"/>
  <system-out/>
  <testcase classname="ujian.ujiankeempat.openweather.ByLatLonLang" name="testGetWeatherByLatLonLang" time="0.239"/>
  <system-out/>
  <testcase classname="ujian.ujiankeempat.openweather.ByLatLonLang" name="testGetWeatherByLatLonLang" time="0.291"/>
  <system-out/>
  <testcase classname="ujian.ujiankeempat.openweather.ByLatLonLang" name="testGetWeatherByLatLonLang" time="0.229"/>
  <system-out/>
  <testcase classname="ujian.ujiankeempat.openweather.ByLatLonLang" name="testGetWeatherByLatLonLang" time="0.266"/>
  <system-out/>
  <testcase classname="ujian.ujiankeempat.openweather.ByLatLonLang" name="testGetWeatherByLatLonLang" time="0.962"/>
  <system-out/>
  <testcase classname="ujian.ujiankeempat.openweather.ByLatLonLang" name="testGetWeatherByLatLonLang" time="0.262"/>
  <system-out/>
  <testcase classname="ujian.ujiankeempat.openweather.ByLatLonLang" name="testGetWeatherByLatLonLang" time="0.249"/>
  <system-out/>
  <testcase classname="ujian.ujiankeempat.openweather.ByLatLonLang" name="testGetWeatherByLatLonLang" time="0.235"/>
  <system-out/>
  <testcase classname="ujian.ujiankeempat.openweather.ByLatLonLang" name="testGetWeatherByLatLonLang" time="0.212"/>
  <system-out/>
  <testcase classname="ujian.ujiankeempat.openweather.ByLatLonLang" name="testGetWeatherByLatLonLang" time="0.230"/>
  <system-out/>
  <testcase classname="ujian.ujiankeempat.openweather.ByLatLonLang" name="testGetWeatherByLatLonLang" time="0.257"/>
  <system-out/>
  <testcase classname="ujian.ujiankeempat.openweather.ByLatLonLang" name="testGetWeatherByLatLonLang" time="0.334"/>
  <system-out/>
</testsuite> <!-- ujian.ujiankeempat.openweather.ByLatLonLang -->
