<?xml version="1.0" encoding="UTF-8"?>
<!-- Generated by org.testng.reporters.JUnitReportReporter -->
<testsuite hostname="RushTen" failures="0" tests="15" name="ujian.ujiankeempat.ByLatLonLang" time="5.276" errors="0" timestamp="2022-09-17T13:28:08 ICT" skipped="0">
  <testcase classname="ujian.ujiankeempat.ByLatLonLang" name="testGetWeatherByLatLonLang" time="0.265"/>
  <system-out/>
  <testcase classname="ujian.ujiankeempat.ByLatLonLang" name="testGetWeatherByLatLonLang" time="0.276"/>
  <system-out/>
  <testcase classname="ujian.ujiankeempat.ByLatLonLang" name="testGetWeatherByLatLonLang" time="0.248"/>
  <system-out/>
  <testcase classname="ujian.ujiankeempat.ByLatLonLang" name="testGetWeatherByLatLonLang" time="0.361"/>
  <system-out/>
  <testcase classname="ujian.ujiankeempat.ByLatLonLang" name="testGetWeatherByLatLonLang" time="0.270"/>
  <system-out/>
  <testcase classname="ujian.ujiankeempat.ByLatLonLang" name="testGetWeatherByLatLonLang" time="0.388"/>
  <system-out/>
  <testcase classname="ujian.ujiankeempat.ByLatLonLang" name="testGetWeatherByLatLonLang" time="0.263"/>
  <system-out/>
  <testcase classname="ujian.ujiankeempat.ByLatLonLang" name="testGetWeatherByLatLonLang" time="0.265"/>
  <system-out/>
  <testcase classname="ujian.ujiankeempat.ByLatLonLang" name="testGetWeatherByLatLonLang" time="0.350"/>
  <system-out/>
  <testcase classname="ujian.ujiankeempat.ByLatLonLang" name="testGetWeatherByLatLonLang" time="1.180"/>
  <system-out/>
  <testcase classname="ujian.ujiankeempat.ByLatLonLang" name="testGetWeatherByLatLonLang" time="0.293"/>
  <system-out/>
  <testcase classname="ujian.ujiankeempat.ByLatLonLang" name="testGetWeatherByLatLonLang" time="0.294"/>
  <system-out/>
  <testcase classname="ujian.ujiankeempat.ByLatLonLang" name="testGetWeatherByLatLonLang" time="0.251"/>
  <system-out/>
  <testcase classname="ujian.ujiankeempat.ByLatLonLang" name="testGetWeatherByLatLonLang" time="0.278"/>
  <system-out/>
  <testcase classname="ujian.ujiankeempat.ByLatLonLang" name="testGetWeatherByLatLonLang" time="0.294"/>
  <system-out/>
</testsuite> <!-- ujian.ujiankeempat.ByLatLonLang -->
