<?xml version="1.0" encoding="UTF-8"?>
<!-- Generated by org.testng.reporters.JUnitReportReporter -->
<testsuite hostname="DESKTOP-26B5BFK" failures="0" tests="1" name="tugas.selenium.formy.CompleteWebForm" time="25.691" errors="0" timestamp="2022-09-15T17:55:55 ICT" skipped="0">
  <testcase classname="tugas.selenium.formy.CompleteWebForm" name="testCompleteWebForm" time="25.691"/>
  <system-out/>
</testsuite> <!-- tugas.selenium.formy.CompleteWebForm -->
