<?xml version="1.0" encoding="UTF-8"?>
<!-- Generated by org.testng.reporters.JUnitReportReporter -->
<testsuite hostname="RushTen" failures="0" tests="1" name="ujian.ujiankeempat.nopcommerce.SearchMenuSidebarTest" time="14.036" errors="0" timestamp="2022-09-18T01:54:59 ICT" skipped="0">
  <testcase classname="ujian.ujiankeempat.nopcommerce.SearchMenuSidebarTest" name="testValidSearchMenu" time="14.036"/>
  <system-out/>
</testsuite> <!-- ujian.ujiankeempat.nopcommerce.SearchMenuSidebarTest -->
