<?xml version="1.0" encoding="UTF-8"?>
<!-- Generated by org.testng.reporters.JUnitReportReporter -->
<testsuite hostname="DESKTOP-26B5BFK" failures="0" tests="15" name="ujian.ujiankeempat.openweather.ByCityId" time="8.944" errors="0" timestamp="2022-09-18T02:03:18 ICT" skipped="0">
  <testcase classname="ujian.ujiankeempat.openweather.ByCityId" name="testGetWeatherByCityId" time="0.509"/>
  <system-out/>
  <testcase classname="ujian.ujiankeempat.openweather.ByCityId" name="testGetWeatherByCityId" time="0.428"/>
  <system-out/>
  <testcase classname="ujian.ujiankeempat.openweather.ByCityId" name="testGetWeatherByCityId" time="0.514"/>
  <system-out/>
  <testcase classname="ujian.ujiankeempat.openweather.ByCityId" name="testGetWeatherByCityId" time="1.916"/>
  <system-out/>
  <testcase classname="ujian.ujiankeempat.openweather.ByCityId" name="testGetWeatherByCityId" time="0.504"/>
  <system-out/>
  <testcase classname="ujian.ujiankeempat.openweather.ByCityId" name="testGetWeatherByCityId" time="0.720"/>
  <system-out/>
  <testcase classname="ujian.ujiankeempat.openweather.ByCityId" name="testGetWeatherByCityId" time="0.501"/>
  <system-out/>
  <testcase classname="ujian.ujiankeempat.openweather.ByCityId" name="testGetWeatherByCityId" time="0.461"/>
  <system-out/>
  <testcase classname="ujian.ujiankeempat.openweather.ByCityId" name="testGetWeatherByCityId" time="0.511"/>
  <system-out/>
  <testcase classname="ujian.ujiankeempat.openweather.ByCityId" name="testGetWeatherByCityId" time="0.612"/>
  <system-out/>
  <testcase classname="ujian.ujiankeempat.openweather.ByCityId" name="testGetWeatherByCityId" time="0.381"/>
  <system-out/>
  <testcase classname="ujian.ujiankeempat.openweather.ByCityId" name="testGetWeatherByCityId" time="0.506"/>
  <system-out/>
  <testcase classname="ujian.ujiankeempat.openweather.ByCityId" name="testGetWeatherByCityId" time="0.260"/>
  <system-out/>
  <testcase classname="ujian.ujiankeempat.openweather.ByCityId" name="testGetWeatherByCityId" time="0.515"/>
  <system-out/>
  <testcase classname="ujian.ujiankeempat.openweather.ByCityId" name="testGetWeatherByCityId" time="0.606"/>
  <system-out/>
</testsuite> <!-- ujian.ujiankeempat.openweather.ByCityId -->
