<?xml version="1.0" encoding="UTF-8"?>
<!-- Generated by org.testng.reporters.JUnitReportReporter -->
<testsuite hostname="DESKTOP-26B5BFK" failures="0" tests="2" name="ujian.ujiankelima.cucumber.loginpage.OutlineRunner" time="35.241" errors="0" timestamp="2022-09-24T22:31:11 ICT" skipped="0">
  <testcase classname="ujian.ujiankelima.cucumber.loginpage.OutlineRunner" name="runScenario" time="14.595"/>
  <system-out/>
  <testcase classname="ujian.ujiankelima.cucumber.loginpage.OutlineRunner" name="runScenario" time="20.646"/>
  <system-out/>
</testsuite> <!-- ujian.ujiankelima.cucumber.loginpage.OutlineRunner -->
