<?xml version="1.0" encoding="UTF-8"?>
<!-- Generated by org.testng.reporters.JUnitReportReporter -->
<testsuite hostname="RushTen" failures="0" tests="2" name="latihantest.testing.ComputerSpecTest2" time="0.003" errors="0" timestamp="2022-09-18T09:42:50 ICT" skipped="0">
  <testcase classname="latihantest.testing.ComputerSpecTest2" name="OSTest" time="0.002"/>
  <system-out/>
  <testcase classname="latihantest.testing.ComputerSpecTest2" name="browserTest" time="0.001"/>
  <system-out/>
</testsuite> <!-- latihantest.testing.ComputerSpecTest2 -->
