<?xml version="1.0" encoding="UTF-8"?>
<!-- Generated by org.testng.reporters.JUnitReportReporter -->
<testsuite hostname="DESKTOP-26B5BFK" failures="0" tests="3" name="ujian.ujiankedua.GeometriTest" time="0.019" errors="0" timestamp="2022-09-23T13:16:23 ICT" skipped="0">
  <testcase classname="ujian.ujiankedua.GeometriTest" name="testLuasPersegi" time="0.012"/>
  <system-out/>
  <testcase classname="ujian.ujiankedua.GeometriTest" name="testLuasSegitiga" time="0.003"/>
  <system-out/>
  <testcase classname="ujian.ujiankedua.GeometriTest" name="testLuasTrapesium" time="0.004"/>
  <system-out/>
</testsuite> <!-- ujian.ujiankedua.GeometriTest -->
