<?xml version="1.0" encoding="UTF-8"?>
<!-- Generated by org.testng.reporters.JUnitReportReporter -->
<testsuite hostname="DESKTOP-26B5BFK" failures="0" tests="1" name="latihantest.training.TestSortAlgoDynamic" time="0.007" errors="0" timestamp="2022-09-06T13:39:47 ICT" skipped="0">
  <testcase classname="latihantest.training.TestSortAlgoDynamic" name="testKedua" time="0.007"/>
  <system-out/>
</testsuite> <!-- latihantest.training.TestSortAlgoDynamic -->
