<?xml version="1.0" encoding="UTF-8"?>
<!-- Generated by org.testng.reporters.JUnitReportReporter -->
<testsuite hostname="RushTen" failures="0" tests="15" name="ujian.ujiankeempat.ByCityNameStateCode" time="5.559" errors="0" timestamp="2022-09-17T13:21:04 ICT" skipped="0">
  <testcase classname="ujian.ujiankeempat.ByCityNameStateCode" name="testGetWeatherByCityNameStateCode" time="0.460"/>
  <system-out/>
  <testcase classname="ujian.ujiankeempat.ByCityNameStateCode" name="testGetWeatherByCityNameStateCode" time="0.482"/>
  <system-out/>
  <testcase classname="ujian.ujiankeempat.ByCityNameStateCode" name="testGetWeatherByCityNameStateCode" time="0.283"/>
  <system-out/>
  <testcase classname="ujian.ujiankeempat.ByCityNameStateCode" name="testGetWeatherByCityNameStateCode" time="0.298"/>
  <system-out/>
  <testcase classname="ujian.ujiankeempat.ByCityNameStateCode" name="testGetWeatherByCityNameStateCode" time="0.235"/>
  <system-out/>
  <testcase classname="ujian.ujiankeempat.ByCityNameStateCode" name="testGetWeatherByCityNameStateCode" time="0.241"/>
  <system-out/>
  <testcase classname="ujian.ujiankeempat.ByCityNameStateCode" name="testGetWeatherByCityNameStateCode" time="0.267"/>
  <system-out/>
  <testcase classname="ujian.ujiankeempat.ByCityNameStateCode" name="testGetWeatherByCityNameStateCode" time="0.297"/>
  <system-out/>
  <testcase classname="ujian.ujiankeempat.ByCityNameStateCode" name="testGetWeatherByCityNameStateCode" time="0.262"/>
  <system-out/>
  <testcase classname="ujian.ujiankeempat.ByCityNameStateCode" name="testGetWeatherByCityNameStateCode" time="0.323"/>
  <system-out/>
  <testcase classname="ujian.ujiankeempat.ByCityNameStateCode" name="testGetWeatherByCityNameStateCode" time="0.332"/>
  <system-out/>
  <testcase classname="ujian.ujiankeempat.ByCityNameStateCode" name="testGetWeatherByCityNameStateCode" time="0.270"/>
  <system-out/>
  <testcase classname="ujian.ujiankeempat.ByCityNameStateCode" name="testGetWeatherByCityNameStateCode" time="0.360"/>
  <system-out/>
  <testcase classname="ujian.ujiankeempat.ByCityNameStateCode" name="testGetWeatherByCityNameStateCode" time="1.172"/>
  <system-out/>
  <testcase classname="ujian.ujiankeempat.ByCityNameStateCode" name="testGetWeatherByCityNameStateCode" time="0.277"/>
  <system-out/>
</testsuite> <!-- ujian.ujiankeempat.ByCityNameStateCode -->
